<?xml version="1.0" encoding="UTF-8"?>
<testsuite name="com.sebastian.zemogatest.portfolio.service.PortfolioServiceTest" tests="2" skipped="0" failures="0" errors="0" timestamp="2020-08-31T03:16:07" hostname="DESKTOP-NT2QGI3" time="0.215">
  <properties/>
  <testcase name="getPortfolioByIdNoElementTest()" classname="com.sebastian.zemogatest.portfolio.service.PortfolioServiceTest" time="0.109"/>
  <testcase name="getPortfolioByIdTest()" classname="com.sebastian.zemogatest.portfolio.service.PortfolioServiceTest" time="0.105"/>
  <system-out><![CDATA[2020-08-30 22:16:07.601  INFO 21088 --- [    Test worker] .b.t.c.SpringBootTestContextBootstrapper : Neither @ContextConfiguration nor @ContextHierarchy found for test class [com.sebastian.zemogatest.portfolio.service.PortfolioServiceTest], using SpringBootContextLoader
2020-08-30 22:16:07.602  INFO 21088 --- [    Test worker] o.s.t.c.support.AbstractContextLoader    : Could not detect default resource locations for test class [com.sebastian.zemogatest.portfolio.service.PortfolioServiceTest]: no resource found for suffixes {-context.xml, Context.groovy}.
2020-08-30 22:16:07.602  INFO 21088 --- [    Test worker] t.c.s.AnnotationConfigContextLoaderUtils : Could not detect default configuration classes for test class [com.sebastian.zemogatest.portfolio.service.PortfolioServiceTest]: PortfolioServiceTest does not declare any static, non-private, non-final, nested classes annotated with @Configuration.
2020-08-30 22:16:07.612  INFO 21088 --- [    Test worker] .b.t.c.SpringBootTestContextBootstrapper : Found @SpringBootConfiguration com.sebastian.zemogatest.portfolio.PortfolioApplication for test class com.sebastian.zemogatest.portfolio.service.PortfolioServiceTest
2020-08-30 22:16:07.614  INFO 21088 --- [    Test worker] .b.t.c.SpringBootTestContextBootstrapper : Loaded default TestExecutionListener class names from location [META-INF/spring.factories]: [org.springframework.boot.test.autoconfigure.restdocs.RestDocsTestExecutionListener, org.springframework.boot.test.autoconfigure.web.client.MockRestServiceServerResetTestExecutionListener, org.springframework.boot.test.autoconfigure.web.servlet.MockMvcPrintOnlyOnFailureTestExecutionListener, org.springframework.boot.test.autoconfigure.web.servlet.WebDriverTestExecutionListener, org.springframework.boot.test.autoconfigure.webservices.client.MockWebServiceServerTestExecutionListener, org.springframework.boot.test.mock.mockito.MockitoTestExecutionListener, org.springframework.boot.test.mock.mockito.ResetMocksTestExecutionListener, org.springframework.test.context.web.ServletTestExecutionListener, org.springframework.test.context.support.DirtiesContextBeforeModesTestExecutionListener, org.springframework.test.context.support.DependencyInjectionTestExecutionListener, org.springframework.test.context.support.DirtiesContextTestExecutionListener, org.springframework.test.context.transaction.TransactionalTestExecutionListener, org.springframework.test.context.jdbc.SqlScriptsTestExecutionListener, org.springframework.test.context.event.EventPublishingTestExecutionListener]
2020-08-30 22:16:07.615  INFO 21088 --- [    Test worker] .b.t.c.SpringBootTestContextBootstrapper : Using TestExecutionListeners: [org.springframework.test.context.web.ServletTestExecutionListener@3deb63c7, org.springframework.test.context.support.DirtiesContextBeforeModesTestExecutionListener@7db60869, org.springframework.boot.test.mock.mockito.MockitoTestExecutionListener@6760a7d7, org.springframework.boot.test.autoconfigure.SpringBootDependencyInjectionTestExecutionListener@4f0cba29, org.springframework.test.context.support.DirtiesContextTestExecutionListener@291f1d54, org.springframework.test.context.transaction.TransactionalTestExecutionListener@64a7bd5e, org.springframework.test.context.jdbc.SqlScriptsTestExecutionListener@69be002, org.springframework.test.context.event.EventPublishingTestExecutionListener@2c6cdf0a, org.springframework.boot.test.autoconfigure.restdocs.RestDocsTestExecutionListener@7dc8826e, org.springframework.boot.test.autoconfigure.web.client.MockRestServiceServerResetTestExecutionListener@245c9dc4, org.springframework.boot.test.autoconfigure.web.servlet.MockMvcPrintOnlyOnFailureTestExecutionListener@7d9ef2bd, org.springframework.boot.test.autoconfigure.web.servlet.WebDriverTestExecutionListener@37c0e68b, org.springframework.boot.test.autoconfigure.webservices.client.MockWebServiceServerTestExecutionListener@ea2d9ef, org.springframework.boot.test.mock.mockito.ResetMocksTestExecutionListener@4ed0d742]
Hibernate: select portfolio0_.idportfolio as idportfo1_0_, portfolio0_.description as descript2_0_, portfolio0_.image_url as image_ur3_0_, portfolio0_.title as title4_0_, portfolio0_.twitter_user_name as twitter_5_0_ from portfolio portfolio0_ where portfolio0_.idportfolio=?
Hibernate: select portfolio0_.idportfolio as idportfo1_0_, portfolio0_.description as descript2_0_, portfolio0_.image_url as image_ur3_0_, portfolio0_.title as title4_0_, portfolio0_.twitter_user_name as twitter_5_0_ from portfolio portfolio0_ where portfolio0_.idportfolio=?
]]></system-out>
  <system-err><![CDATA[]]></system-err>
</testsuite>
