<?xml version="1.0" encoding="UTF-8"?>
<testsuite name="com.sebastian.zemogatest.portfolio.controller.PortfolioControllerTest" tests="1" skipped="0" failures="0" errors="0" timestamp="2020-08-31T03:16:06" hostname="DESKTOP-NT2QGI3" time="0.29">
  <properties/>
  <testcase name="contexLoads()" classname="com.sebastian.zemogatest.portfolio.controller.PortfolioControllerTest" time="0.29"/>
  <system-out><![CDATA[22:15:58.994 [Test worker] DEBUG org.springframework.test.context.BootstrapUtils - Instantiating CacheAwareContextLoaderDelegate from class [org.springframework.test.context.cache.DefaultCacheAwareContextLoaderDelegate]
22:15:59.018 [Test worker] DEBUG org.springframework.test.context.BootstrapUtils - Instantiating BootstrapContext using constructor [public org.springframework.test.context.support.DefaultBootstrapContext(java.lang.Class,org.springframework.test.context.CacheAwareContextLoaderDelegate)]
22:15:59.062 [Test worker] DEBUG org.springframework.test.context.BootstrapUtils - Instantiating TestContextBootstrapper for test class [com.sebastian.zemogatest.portfolio.controller.PortfolioControllerTest] from class [org.springframework.boot.test.context.SpringBootTestContextBootstrapper]
22:15:59.088 [Test worker] INFO org.springframework.boot.test.context.SpringBootTestContextBootstrapper - Neither @ContextConfiguration nor @ContextHierarchy found for test class [com.sebastian.zemogatest.portfolio.controller.PortfolioControllerTest], using SpringBootContextLoader
22:15:59.095 [Test worker] DEBUG org.springframework.test.context.support.AbstractContextLoader - Did not detect default resource location for test class [com.sebastian.zemogatest.portfolio.controller.PortfolioControllerTest]: class path resource [com/sebastian/zemogatest/portfolio/controller/PortfolioControllerTest-context.xml] does not exist
22:15:59.096 [Test worker] DEBUG org.springframework.test.context.support.AbstractContextLoader - Did not detect default resource location for test class [com.sebastian.zemogatest.portfolio.controller.PortfolioControllerTest]: class path resource [com/sebastian/zemogatest/portfolio/controller/PortfolioControllerTestContext.groovy] does not exist
22:15:59.096 [Test worker] INFO org.springframework.test.context.support.AbstractContextLoader - Could not detect default resource locations for test class [com.sebastian.zemogatest.portfolio.controller.PortfolioControllerTest]: no resource found for suffixes {-context.xml, Context.groovy}.
22:15:59.098 [Test worker] INFO org.springframework.test.context.support.AnnotationConfigContextLoaderUtils - Could not detect default configuration classes for test class [com.sebastian.zemogatest.portfolio.controller.PortfolioControllerTest]: PortfolioControllerTest does not declare any static, non-private, non-final, nested classes annotated with @Configuration.
22:15:59.181 [Test worker] DEBUG org.springframework.test.context.support.ActiveProfilesUtils - Could not find an 'annotation declaring class' for annotation type [org.springframework.test.context.ActiveProfiles] and class [com.sebastian.zemogatest.portfolio.controller.PortfolioControllerTest]
22:15:59.343 [Test worker] DEBUG org.springframework.context.annotation.ClassPathScanningCandidateComponentProvider - Identified candidate component class: file [C:\Users\skywa\Desktop\Zemoga portfilio\github\zemogatest\build\classes\java\main\com\sebastian\zemogatest\portfolio\PortfolioApplication.class]
22:15:59.345 [Test worker] INFO org.springframework.boot.test.context.SpringBootTestContextBootstrapper - Found @SpringBootConfiguration com.sebastian.zemogatest.portfolio.PortfolioApplication for test class com.sebastian.zemogatest.portfolio.controller.PortfolioControllerTest
22:15:59.555 [Test worker] DEBUG org.springframework.boot.test.context.SpringBootTestContextBootstrapper - @TestExecutionListeners is not present for class [com.sebastian.zemogatest.portfolio.controller.PortfolioControllerTest]: using defaults.
22:15:59.557 [Test worker] INFO org.springframework.boot.test.context.SpringBootTestContextBootstrapper - Loaded default TestExecutionListener class names from location [META-INF/spring.factories]: [org.springframework.boot.test.autoconfigure.restdocs.RestDocsTestExecutionListener, org.springframework.boot.test.autoconfigure.web.client.MockRestServiceServerResetTestExecutionListener, org.springframework.boot.test.autoconfigure.web.servlet.MockMvcPrintOnlyOnFailureTestExecutionListener, org.springframework.boot.test.autoconfigure.web.servlet.WebDriverTestExecutionListener, org.springframework.boot.test.autoconfigure.webservices.client.MockWebServiceServerTestExecutionListener, org.springframework.boot.test.mock.mockito.MockitoTestExecutionListener, org.springframework.boot.test.mock.mockito.ResetMocksTestExecutionListener, org.springframework.test.context.web.ServletTestExecutionListener, org.springframework.test.context.support.DirtiesContextBeforeModesTestExecutionListener, org.springframework.test.context.support.DependencyInjectionTestExecutionListener, org.springframework.test.context.support.DirtiesContextTestExecutionListener, org.springframework.test.context.transaction.TransactionalTestExecutionListener, org.springframework.test.context.jdbc.SqlScriptsTestExecutionListener, org.springframework.test.context.event.EventPublishingTestExecutionListener]
22:15:59.590 [Test worker] INFO org.springframework.boot.test.context.SpringBootTestContextBootstrapper - Using TestExecutionListeners: [org.springframework.test.context.web.ServletTestExecutionListener@2357c51d, org.springframework.test.context.support.DirtiesContextBeforeModesTestExecutionListener@37b886c3, org.springframework.boot.test.mock.mockito.MockitoTestExecutionListener@353a3ecd, org.springframework.boot.test.autoconfigure.SpringBootDependencyInjectionTestExecutionListener@5b43799d, org.springframework.test.context.support.DirtiesContextTestExecutionListener@462120c5, org.springframework.test.context.transaction.TransactionalTestExecutionListener@355c385c, org.springframework.test.context.jdbc.SqlScriptsTestExecutionListener@51f4b46c, org.springframework.test.context.event.EventPublishingTestExecutionListener@113bb05e, org.springframework.boot.test.autoconfigure.restdocs.RestDocsTestExecutionListener@5e538db4, org.springframework.boot.test.autoconfigure.web.client.MockRestServiceServerResetTestExecutionListener@a99d0fa, org.springframework.boot.test.autoconfigure.web.servlet.MockMvcPrintOnlyOnFailureTestExecutionListener@7eba4211, org.springframework.boot.test.autoconfigure.web.servlet.WebDriverTestExecutionListener@324fa4d8, org.springframework.boot.test.autoconfigure.webservices.client.MockWebServiceServerTestExecutionListener@7033a108, org.springframework.boot.test.mock.mockito.ResetMocksTestExecutionListener@3469a1f4]
22:15:59.597 [Test worker] DEBUG org.springframework.test.context.support.AbstractDirtiesContextTestExecutionListener - Before test class: context [DefaultTestContext@5b55b318 testClass = PortfolioControllerTest, testInstance = [null], testMethod = [null], testException = [null], mergedContextConfiguration = [WebMergedContextConfiguration@32fc0249 testClass = PortfolioControllerTest, locations = '{}', classes = '{class com.sebastian.zemogatest.portfolio.PortfolioApplication}', contextInitializerClasses = '[]', activeProfiles = '{}', propertySourceLocations = '{}', propertySourceProperties = '{org.springframework.boot.test.context.SpringBootTestContextBootstrapper=true}', contextCustomizers = set[org.springframework.boot.test.autoconfigure.properties.PropertyMappingContextCustomizer@0, org.springframework.boot.test.autoconfigure.web.servlet.WebDriverContextCustomizerFactory$Customizer@4ffaab46, org.springframework.boot.test.context.filter.ExcludeFilterContextCustomizer@1dbe6468, org.springframework.boot.test.json.DuplicateJsonObjectContextCustomizerFactory$DuplicateJsonObjectContextCustomizer@3399ed64, org.springframework.boot.test.mock.mockito.MockitoContextCustomizer@0, org.springframework.boot.test.web.client.TestRestTemplateContextCustomizer@23dee7ca, org.springframework.boot.test.context.SpringBootTestArgs@1], resourceBasePath = 'src/main/webapp', contextLoader = 'org.springframework.boot.test.context.SpringBootContextLoader', parent = [null]], attributes = map['org.springframework.test.context.web.ServletTestExecutionListener.activateListener' -> true]], class annotated with @DirtiesContext [false] with mode [null].
22:15:59.648 [Test worker] DEBUG org.springframework.test.context.support.TestPropertySourceUtils - Adding inlined properties to environment: {spring.jmx.enabled=false, org.springframework.boot.test.context.SpringBootTestContextBootstrapper=true}

  .   ____          _            __ _ _
 /\\ / ___'_ __ _ _(_)_ __  __ _ \ \ \ \
( ( )\___ | '_ | '_| | '_ \/ _` | \ \ \ \
 \\/  ___)| |_)| | | | | || (_| |  ) ) ) )
  '  |____| .__|_| |_|_| |_\__, | / / / /
 =========|_|==============|___/=/_/_/_/
 :: Spring Boot ::        (v2.3.3.RELEASE)

2020-08-30 22:16:00.027  INFO 21088 --- [    Test worker] c.s.z.p.c.PortfolioControllerTest        : Starting PortfolioControllerTest on DESKTOP-NT2QGI3 with PID 21088 (started by skywa in C:\Users\skywa\Desktop\Zemoga portfilio\github\zemogatest)
2020-08-30 22:16:00.030  INFO 21088 --- [    Test worker] c.s.z.p.c.PortfolioControllerTest        : No active profile set, falling back to default profiles: default
2020-08-30 22:16:01.086  INFO 21088 --- [    Test worker] .s.d.r.c.RepositoryConfigurationDelegate : Bootstrapping Spring Data JPA repositories in DEFERRED mode.
2020-08-30 22:16:01.200  INFO 21088 --- [    Test worker] .s.d.r.c.RepositoryConfigurationDelegate : Finished Spring Data repository scanning in 97ms. Found 1 JPA repository interfaces.
2020-08-30 22:16:02.077  INFO 21088 --- [    Test worker] o.s.s.concurrent.ThreadPoolTaskExecutor  : Initializing ExecutorService 'applicationTaskExecutor'
2020-08-30 22:16:02.103  INFO 21088 --- [    Test worker] com.zaxxer.hikari.HikariDataSource       : HikariPool-1 - Starting...
2020-08-30 22:16:03.757  INFO 21088 --- [    Test worker] com.zaxxer.hikari.HikariDataSource       : HikariPool-1 - Start completed.
2020-08-30 22:16:03.847  INFO 21088 --- [         task-1] o.hibernate.jpa.internal.util.LogHelper  : HHH000204: Processing PersistenceUnitInfo [name: default]
2020-08-30 22:16:03.951  INFO 21088 --- [         task-1] org.hibernate.Version                    : HHH000412: Hibernate ORM core version 5.4.20.Final
2020-08-30 22:16:04.282  INFO 21088 --- [         task-1] o.hibernate.annotations.common.Version   : HCANN000001: Hibernate Commons Annotations {5.1.0.Final}
2020-08-30 22:16:04.332  WARN 21088 --- [    Test worker] JpaBaseConfiguration$JpaWebConfiguration : spring.jpa.open-in-view is enabled by default. Therefore, database queries may be performed during view rendering. Explicitly configure spring.jpa.open-in-view to disable this warning
2020-08-30 22:16:04.697  INFO 21088 --- [         task-1] org.hibernate.dialect.Dialect            : HHH000400: Using dialect: org.hibernate.dialect.MySQL55Dialect
2020-08-30 22:16:05.591  INFO 21088 --- [    Test worker] DeferredRepositoryInitializationListener : Triggering deferred initialization of Spring Data repositories…
2020-08-30 22:16:05.916  INFO 21088 --- [         task-1] o.h.e.t.j.p.i.JtaPlatformInitiator       : HHH000490: Using JtaPlatform implementation: [org.hibernate.engine.transaction.jta.platform.internal.NoJtaPlatform]
2020-08-30 22:16:05.931  INFO 21088 --- [         task-1] j.LocalContainerEntityManagerFactoryBean : Initialized JPA EntityManagerFactory for persistence unit 'default'
2020-08-30 22:16:06.383  INFO 21088 --- [    Test worker] DeferredRepositoryInitializationListener : Spring Data repositories initialized!
2020-08-30 22:16:06.393  INFO 21088 --- [    Test worker] c.s.z.p.c.PortfolioControllerTest        : Started PortfolioControllerTest in 6.732 seconds (JVM running for 8.726)
]]></system-out>
  <system-err><![CDATA[]]></system-err>
</testsuite>
