<?xml version="1.0" encoding="UTF-8"?>
<testsuite name="com.sebastian.zemogatest.portfolio.PortfolioRepositoryTest" tests="1" skipped="0" failures="0" errors="0" timestamp="2020-08-31T03:16:06" hostname="DESKTOP-NT2QGI3" time="0.838">
  <properties/>
  <testcase name="savePortfolioTest()" classname="com.sebastian.zemogatest.portfolio.PortfolioRepositoryTest" time="0.838"/>
  <system-out><![CDATA[2020-08-30 22:16:06.748  INFO 21088 --- [    Test worker] .b.t.c.SpringBootTestContextBootstrapper : Neither @ContextConfiguration nor @ContextHierarchy found for test class [com.sebastian.zemogatest.portfolio.PortfolioRepositoryTest], using SpringBootContextLoader
2020-08-30 22:16:06.751  INFO 21088 --- [    Test worker] o.s.t.c.support.AbstractContextLoader    : Could not detect default resource locations for test class [com.sebastian.zemogatest.portfolio.PortfolioRepositoryTest]: no resource found for suffixes {-context.xml, Context.groovy}.
2020-08-30 22:16:06.751  INFO 21088 --- [    Test worker] t.c.s.AnnotationConfigContextLoaderUtils : Could not detect default configuration classes for test class [com.sebastian.zemogatest.portfolio.PortfolioRepositoryTest]: PortfolioRepositoryTest does not declare any static, non-private, non-final, nested classes annotated with @Configuration.
2020-08-30 22:16:06.754  INFO 21088 --- [    Test worker] .b.t.c.SpringBootTestContextBootstrapper : Found @SpringBootConfiguration com.sebastian.zemogatest.portfolio.PortfolioApplication for test class com.sebastian.zemogatest.portfolio.PortfolioRepositoryTest
2020-08-30 22:16:06.757  INFO 21088 --- [    Test worker] .b.t.c.SpringBootTestContextBootstrapper : Loaded default TestExecutionListener class names from location [META-INF/spring.factories]: [org.springframework.boot.test.autoconfigure.restdocs.RestDocsTestExecutionListener, org.springframework.boot.test.autoconfigure.web.client.MockRestServiceServerResetTestExecutionListener, org.springframework.boot.test.autoconfigure.web.servlet.MockMvcPrintOnlyOnFailureTestExecutionListener, org.springframework.boot.test.autoconfigure.web.servlet.WebDriverTestExecutionListener, org.springframework.boot.test.autoconfigure.webservices.client.MockWebServiceServerTestExecutionListener, org.springframework.boot.test.mock.mockito.MockitoTestExecutionListener, org.springframework.boot.test.mock.mockito.ResetMocksTestExecutionListener, org.springframework.test.context.web.ServletTestExecutionListener, org.springframework.test.context.support.DirtiesContextBeforeModesTestExecutionListener, org.springframework.test.context.support.DependencyInjectionTestExecutionListener, org.springframework.test.context.support.DirtiesContextTestExecutionListener, org.springframework.test.context.transaction.TransactionalTestExecutionListener, org.springframework.test.context.jdbc.SqlScriptsTestExecutionListener, org.springframework.test.context.event.EventPublishingTestExecutionListener]
2020-08-30 22:16:06.757  INFO 21088 --- [    Test worker] .b.t.c.SpringBootTestContextBootstrapper : Using TestExecutionListeners: [org.springframework.test.context.web.ServletTestExecutionListener@1ca6bc5e, org.springframework.test.context.support.DirtiesContextBeforeModesTestExecutionListener@45b392fd, org.springframework.boot.test.mock.mockito.MockitoTestExecutionListener@76334535, org.springframework.boot.test.autoconfigure.SpringBootDependencyInjectionTestExecutionListener@1ad1b925, org.springframework.test.context.support.DirtiesContextTestExecutionListener@33bca26d, org.springframework.test.context.transaction.TransactionalTestExecutionListener@6a41ea9d, org.springframework.test.context.jdbc.SqlScriptsTestExecutionListener@637100d, org.springframework.test.context.event.EventPublishingTestExecutionListener@1138997f, org.springframework.boot.test.autoconfigure.restdocs.RestDocsTestExecutionListener@47c1feff, org.springframework.boot.test.autoconfigure.web.client.MockRestServiceServerResetTestExecutionListener@22b1e198, org.springframework.boot.test.autoconfigure.web.servlet.MockMvcPrintOnlyOnFailureTestExecutionListener@1cb82abb, org.springframework.boot.test.autoconfigure.web.servlet.WebDriverTestExecutionListener@499eab32, org.springframework.boot.test.autoconfigure.webservices.client.MockWebServiceServerTestExecutionListener@1e092f8, org.springframework.boot.test.mock.mockito.ResetMocksTestExecutionListener@2cf00e7d]
Hibernate: select portfolio0_.idportfolio as idportfo1_0_0_, portfolio0_.description as descript2_0_0_, portfolio0_.image_url as image_ur3_0_0_, portfolio0_.title as title4_0_0_, portfolio0_.twitter_user_name as twitter_5_0_0_ from portfolio portfolio0_ where portfolio0_.idportfolio=?
Hibernate: select portfolio0_.idportfolio as idportfo1_0_, portfolio0_.description as descript2_0_, portfolio0_.image_url as image_ur3_0_, portfolio0_.title as title4_0_, portfolio0_.twitter_user_name as twitter_5_0_ from portfolio portfolio0_ where portfolio0_.idportfolio=?
]]></system-out>
  <system-err><![CDATA[]]></system-err>
</testsuite>
