<?xml version="1.0" encoding="UTF-8"?>
<testsuite name="com.sebastian.zemogatest.portfolio.PortfolioApplicationTests" tests="1" skipped="0" failures="0" errors="0" timestamp="2020-08-31T03:16:06" hostname="DESKTOP-NT2QGI3" time="0.005">
  <properties/>
  <testcase name="contextLoads()" classname="com.sebastian.zemogatest.portfolio.PortfolioApplicationTests" time="0.005"/>
  <system-out><![CDATA[2020-08-30 22:16:06.719  INFO 21088 --- [    Test worker] .b.t.c.SpringBootTestContextBootstrapper : Neither @ContextConfiguration nor @ContextHierarchy found for test class [com.sebastian.zemogatest.portfolio.PortfolioApplicationTests], using SpringBootContextLoader
2020-08-30 22:16:06.721  INFO 21088 --- [    Test worker] o.s.t.c.support.AbstractContextLoader    : Could not detect default resource locations for test class [com.sebastian.zemogatest.portfolio.PortfolioApplicationTests]: no resource found for suffixes {-context.xml, Context.groovy}.
2020-08-30 22:16:06.722  INFO 21088 --- [    Test worker] t.c.s.AnnotationConfigContextLoaderUtils : Could not detect default configuration classes for test class [com.sebastian.zemogatest.portfolio.PortfolioApplicationTests]: PortfolioApplicationTests does not declare any static, non-private, non-final, nested classes annotated with @Configuration.
2020-08-30 22:16:06.730  INFO 21088 --- [    Test worker] .b.t.c.SpringBootTestContextBootstrapper : Found @SpringBootConfiguration com.sebastian.zemogatest.portfolio.PortfolioApplication for test class com.sebastian.zemogatest.portfolio.PortfolioApplicationTests
2020-08-30 22:16:06.734  INFO 21088 --- [    Test worker] .b.t.c.SpringBootTestContextBootstrapper : Loaded default TestExecutionListener class names from location [META-INF/spring.factories]: [org.springframework.boot.test.autoconfigure.restdocs.RestDocsTestExecutionListener, org.springframework.boot.test.autoconfigure.web.client.MockRestServiceServerResetTestExecutionListener, org.springframework.boot.test.autoconfigure.web.servlet.MockMvcPrintOnlyOnFailureTestExecutionListener, org.springframework.boot.test.autoconfigure.web.servlet.WebDriverTestExecutionListener, org.springframework.boot.test.autoconfigure.webservices.client.MockWebServiceServerTestExecutionListener, org.springframework.boot.test.mock.mockito.MockitoTestExecutionListener, org.springframework.boot.test.mock.mockito.ResetMocksTestExecutionListener, org.springframework.test.context.web.ServletTestExecutionListener, org.springframework.test.context.support.DirtiesContextBeforeModesTestExecutionListener, org.springframework.test.context.support.DependencyInjectionTestExecutionListener, org.springframework.test.context.support.DirtiesContextTestExecutionListener, org.springframework.test.context.transaction.TransactionalTestExecutionListener, org.springframework.test.context.jdbc.SqlScriptsTestExecutionListener, org.springframework.test.context.event.EventPublishingTestExecutionListener]
2020-08-30 22:16:06.735  INFO 21088 --- [    Test worker] .b.t.c.SpringBootTestContextBootstrapper : Using TestExecutionListeners: [org.springframework.test.context.web.ServletTestExecutionListener@1a1ca4c4, org.springframework.test.context.support.DirtiesContextBeforeModesTestExecutionListener@482ed1ff, org.springframework.boot.test.mock.mockito.MockitoTestExecutionListener@288b40e3, org.springframework.boot.test.autoconfigure.SpringBootDependencyInjectionTestExecutionListener@565cb179, org.springframework.test.context.support.DirtiesContextTestExecutionListener@299905f2, org.springframework.test.context.transaction.TransactionalTestExecutionListener@17069817, org.springframework.test.context.jdbc.SqlScriptsTestExecutionListener@65785e4c, org.springframework.test.context.event.EventPublishingTestExecutionListener@561cfce3, org.springframework.boot.test.autoconfigure.restdocs.RestDocsTestExecutionListener@37cbc547, org.springframework.boot.test.autoconfigure.web.client.MockRestServiceServerResetTestExecutionListener@14ae3589, org.springframework.boot.test.autoconfigure.web.servlet.MockMvcPrintOnlyOnFailureTestExecutionListener@3383836e, org.springframework.boot.test.autoconfigure.web.servlet.WebDriverTestExecutionListener@2498a19, org.springframework.boot.test.autoconfigure.webservices.client.MockWebServiceServerTestExecutionListener@6b4186ea, org.springframework.boot.test.mock.mockito.ResetMocksTestExecutionListener@e26f476]
]]></system-out>
  <system-err><![CDATA[]]></system-err>
</testsuite>
